{
  "RSpec": {
    "coverage": {
      "/Users/richieturing/Turing/mod1/projects/enigma/lib/enigma.rb": {
        "lines": [
          1,
          null,
          1,
          null,
          null,
          null,
          1,
          3,
          3,
          3,
          null,
          null,
          1,
          2,
          null,
          null,
          1,
          1,
          1,
          1,
          1,
          1,
          1,
          null,
          null
        ]
      }
    },
    "timestamp": 1636760710
  }
}
