{
  "RSpec": {
    "coverage": {
      "/Users/richieturing/Turing/mod1/projects/enigma/lib/enigma.rb": {
        "lines": [
          1,
          null,
          1,
          1,
          null,
          1,
          8,
          null,
          null,
          1,
          5,
          5,
          5,
          5,
          61,
          5,
          5,
          56,
          56,
          55,
          1,
          1,
          null,
          null,
          5,
          5,
          5,
          5,
          null,
          null,
          1,
          5,
          5,
          5,
          5,
          61,
          5,
          5,
          56,
          56,
          55,
          1,
          1,
          null,
          null,
          5,
          5,
          5,
          5,
          null,
          null
        ]
      },
      "/Users/richieturing/Turing/mod1/projects/enigma/lib/enigma_module.rb": {
        "lines": [
          1,
          null,
          1,
          2,
          2,
          2,
          null,
          null,
          1,
          6,
          null,
          null,
          1,
          12,
          12,
          12,
          12,
          12,
          12,
          null,
          null,
          1,
          12,
          12,
          48,
          null,
          12,
          null,
          null,
          1,
          12,
          12,
          12,
          12,
          12,
          12,
          12,
          null,
          null
        ]
      }
    },
    "timestamp": 1637042204
  }
}
